<?xml version="1.0" encoding="UTF-8"?>
<!-- Generated by org.testng.reporters.JUnitReportReporter -->
<testsuite skipped="0" hostname="Dell-PC" name="tc.TC_Calclulator" tests="3" failures="0" timestamp="2021-12-02T09:21:06 IST" time="9.674" errors="0">
  <testcase name="testMethodThree" time="0.000" classname="tc.TC_Calclulator"/>
  <system-out/>
  <testcase name="testMethodFour" time="0.002" classname="tc.TC_Calclulator"/>
  <system-out/>
  <testcase name="testMethodTwo" time="9.672" classname="tc.TC_Calclulator"/>
  <system-out/>
</testsuite> <!-- tc.TC_Calclulator -->
